{"level":30,"time":"2026-02-04T22:19:56.919Z","event":"page_view","path":"/","userHash":"c076f922f544","os":"Other","browser":"Other","type":"Desktop"}
{"level":30,"time":"2026-02-04T22:19:56.935Z","event":"page_view","path":"/api/posts","userHash":"c076f922f544","os":"Other","browser":"Other","type":"Desktop"}
{"level":30,"time":"2026-02-04T22:19:56.949Z","event":"page_view","path":"/health","userHash":"c076f922f544","os":"Other","browser":"Other","type":"Desktop"}
{"level":30,"time":"2026-02-04T22:20:09.957Z","event":"page_view","path":"/favicon.ico","userHash":"178eab8dc2e9","os":"Other","browser":"Chrome","type":"Desktop"}
{"level":30,"time":"2026-02-04T22:20:10.317Z","event":"page_view","path":"/sw.js","userHash":"178eab8dc2e9","os":"Other","browser":"Chrome","type":"Desktop"}
{"level":30,"time":"2026-02-04T22:20:10.378Z","event":"page_view","path":"/workbox-3e722498.js","userHash":"178eab8dc2e9","os":"Other","browser":"Chrome","type":"Desktop"}
{"level":30,"time":"2026-02-04T22:20:12.749Z","event":"page_view","path":"/sw.js","userHash":"178eab8dc2e9","os":"Other","browser":"Chrome","type":"Desktop"}
{"level":30,"time":"2026-02-04T22:20:12.797Z","event":"page_view","path":"/workbox-3e722498.js","userHash":"178eab8dc2e9","os":"Other","browser":"Chrome","type":"Desktop"}
{"level":30,"time":"2026-02-04T22:20:20.509Z","event":"page_view","path":"/sw.js","userHash":"178eab8dc2e9","os":"Other","browser":"Chrome","type":"Desktop"}
{"level":30,"time":"2026-02-04T22:20:20.572Z","event":"page_view","path":"/workbox-3e722498.js","userHash":"178eab8dc2e9","os":"Other","browser":"Chrome","type":"Desktop"}
{"level":30,"time":"2026-02-04T22:20:22.403Z","event":"page_view","path":"/sw.js","userHash":"178eab8dc2e9","os":"Other","browser":"Chrome","type":"Desktop"}
{"level":30,"time":"2026-02-04T22:20:22.482Z","event":"page_view","path":"/workbox-3e722498.js","userHash":"178eab8dc2e9","os":"Other","browser":"Chrome","type":"Desktop"}
{"level":30,"time":"2026-02-04T22:20:25.774Z","event":"page_view","path":"/api/auth/get-session","userHash":"178eab8dc2e9","os":"Other","browser":"Chrome","type":"Desktop"}
{"level":30,"time":"2026-02-04T22:20:30.328Z","event":"page_view","path":"/sw.js","userHash":"178eab8dc2e9","os":"Other","browser":"Chrome","type":"Desktop"}
{"level":30,"time":"2026-02-04T22:20:30.391Z","event":"page_view","path":"/workbox-3e722498.js","userHash":"178eab8dc2e9","os":"Other","browser":"Chrome","type":"Desktop"}
{"level":30,"time":"2026-02-04T22:21:14.915Z","event":"page_view","path":"/api/auth/get-session","userHash":"178eab8dc2e9","os":"Other","browser":"Chrome","type":"Desktop"}
{"level":30,"time":"2026-02-04T22:21:15.039Z","event":"page_view","path":"/api/posts","userHash":"178eab8dc2e9","os":"Other","browser":"Chrome","type":"Desktop"}
{"level":30,"time":"2026-02-04T22:21:27.181Z","event":"page_view","path":"/api/posts","userHash":"178eab8dc2e9","os":"Other","browser":"Chrome","type":"Desktop"}
{"level":30,"time":"2026-02-04T22:21:27.333Z","event":"page_view","path":"/api/posts","userHash":"178eab8dc2e9","os":"Other","browser":"Chrome","type":"Desktop"}
{"level":30,"time":"2026-02-04T22:21:29.075Z","event":"page_view","path":"/api/posts/439a84b3-0da2-4c3f-ad85-92223c877ea9","userHash":"178eab8dc2e9","os":"Other","browser":"Chrome","type":"Desktop"}
{"level":30,"time":"2026-02-04T22:22:11.443Z","event":"page_view","path":"/api/auth/get-session","userHash":"178eab8dc2e9","os":"Other","browser":"Chrome","type":"Desktop"}
{"level":30,"time":"2026-02-04T22:22:16.643Z","event":"page_view","path":"/sw.js","userHash":"178eab8dc2e9","os":"Other","browser":"Chrome","type":"Desktop"}
{"level":30,"time":"2026-02-04T22:22:16.886Z","event":"page_view","path":"/workbox-3e722498.js","userHash":"178eab8dc2e9","os":"Other","browser":"Chrome","type":"Desktop"}
{"level":30,"time":"2026-02-04T22:25:07.484Z","event":"page_view","path":"/sw.js","userHash":"178eab8dc2e9","os":"Other","browser":"Chrome","type":"Desktop"}
{"level":30,"time":"2026-02-04T22:25:07.620Z","event":"page_view","path":"/workbox-3e722498.js","userHash":"178eab8dc2e9","os":"Other","browser":"Chrome","type":"Desktop"}
{"level":30,"time":"2026-02-04T22:25:10.291Z","event":"page_view","path":"/sw.js","userHash":"178eab8dc2e9","os":"Other","browser":"Chrome","type":"Desktop"}
{"level":30,"time":"2026-02-04T22:25:10.440Z","event":"page_view","path":"/workbox-3e722498.js","userHash":"178eab8dc2e9","os":"Other","browser":"Chrome","type":"Desktop"}
{"level":30,"time":"2026-02-04T22:25:24.813Z","event":"page_view","path":"/api/auth/get-session","userHash":"178eab8dc2e9","os":"Other","browser":"Chrome","type":"Desktop"}
{"level":30,"time":"2026-02-04T22:25:27.915Z","event":"page_view","path":"/api/auth/get-session","userHash":"178eab8dc2e9","os":"Other","browser":"Chrome","type":"Desktop"}
{"level":30,"time":"2026-02-04T22:25:30.213Z","event":"page_view","path":"/api/auth/get-session","userHash":"178eab8dc2e9","os":"Other","browser":"Chrome","type":"Desktop"}
{"level":30,"time":"2026-02-04T22:26:56.941Z","event":"page_view","path":"/","userHash":"178eab8dc2e9","os":"Other","browser":"Chrome","type":"Desktop"}
{"level":30,"time":"2026-02-04T22:26:57.140Z","event":"page_view","path":"/assets/vendor-utils-D_3NVuyS.js","userHash":"178eab8dc2e9","os":"Other","browser":"Chrome","type":"Desktop"}
{"level":30,"time":"2026-02-04T22:26:57.218Z","event":"page_view","path":"/assets/index-CEh8bhnQ.js","userHash":"178eab8dc2e9","os":"Other","browser":"Chrome","type":"Desktop"}
{"level":30,"time":"2026-02-04T22:26:57.284Z","event":"page_view","path":"/assets/vendor-tanstack-BCgrDnp-.js","userHash":"178eab8dc2e9","os":"Other","browser":"Chrome","type":"Desktop"}
{"level":30,"time":"2026-02-04T22:26:57.307Z","event":"page_view","path":"/assets/index-Y6ZMQwGs.css","userHash":"178eab8dc2e9","os":"Other","browser":"Chrome","type":"Desktop"}
{"level":30,"time":"2026-02-04T22:26:57.316Z","event":"page_view","path":"/registerSW.js","userHash":"178eab8dc2e9","os":"Other","browser":"Chrome","type":"Desktop"}
{"level":30,"time":"2026-02-04T22:26:57.506Z","event":"page_view","path":"/sw.js","userHash":"178eab8dc2e9","os":"Other","browser":"Chrome","type":"Desktop"}
{"level":30,"time":"2026-02-04T22:26:57.555Z","event":"page_view","path":"/api/auth/get-session","userHash":"178eab8dc2e9","os":"Other","browser":"Chrome","type":"Desktop"}
{"level":30,"time":"2026-02-04T22:26:57.593Z","event":"page_view","path":"/manifest.webmanifest","userHash":"178eab8dc2e9","os":"Other","browser":"Chrome","type":"Desktop"}
{"level":30,"time":"2026-02-04T22:26:57.614Z","event":"page_view","path":"/workbox-3e722498.js","userHash":"178eab8dc2e9","os":"Other","browser":"Chrome","type":"Desktop"}
{"level":30,"time":"2026-02-04T22:26:57.664Z","event":"page_view","path":"/api/posts","userHash":"178eab8dc2e9","os":"Other","browser":"Chrome","type":"Desktop"}
{"level":30,"time":"2026-02-04T22:26:57.713Z","event":"page_view","path":"/icon-512.png","userHash":"178eab8dc2e9","os":"Other","browser":"Chrome","type":"Desktop"}
{"level":30,"time":"2026-02-04T22:26:57.838Z","event":"page_view","path":"/registerSW.js","userHash":"178eab8dc2e9","os":"Other","browser":"Chrome","type":"Desktop"}
{"level":30,"time":"2026-02-04T22:26:57.932Z","event":"page_view","path":"/index.html","userHash":"178eab8dc2e9","os":"Other","browser":"Chrome","type":"Desktop"}
{"level":30,"time":"2026-02-04T22:26:58.003Z","event":"page_view","path":"/assets/vendor-utils-D_3NVuyS.js","userHash":"178eab8dc2e9","os":"Other","browser":"Chrome","type":"Desktop"}
{"level":30,"time":"2026-02-04T22:26:58.067Z","event":"page_view","path":"/assets/vendor-tanstack-BCgrDnp-.js","userHash":"178eab8dc2e9","os":"Other","browser":"Chrome","type":"Desktop"}
{"level":30,"time":"2026-02-04T22:26:58.139Z","event":"page_view","path":"/assets/vendor-react-l0sNRNKZ.js","userHash":"178eab8dc2e9","os":"Other","browser":"Chrome","type":"Desktop"}
{"level":30,"time":"2026-02-04T22:26:58.196Z","event":"page_view","path":"/assets/index-Y6ZMQwGs.css","userHash":"178eab8dc2e9","os":"Other","browser":"Chrome","type":"Desktop"}
{"level":30,"time":"2026-02-04T22:26:58.254Z","event":"page_view","path":"/assets/index-CEh8bhnQ.js","userHash":"178eab8dc2e9","os":"Other","browser":"Chrome","type":"Desktop"}
{"level":30,"time":"2026-02-04T22:26:58.358Z","event":"page_view","path":"/icon-512.png","userHash":"178eab8dc2e9","os":"Other","browser":"Chrome","type":"Desktop"}
{"level":30,"time":"2026-02-04T22:26:58.413Z","event":"page_view","path":"/manifest.webmanifest","userHash":"178eab8dc2e9","os":"Other","browser":"Chrome","type":"Desktop"}
{"level":30,"time":"2026-02-04T22:27:01.625Z","event":"page_view","path":"/sw.js","userHash":"178eab8dc2e9","os":"Other","browser":"Chrome","type":"Desktop"}
{"level":30,"time":"2026-02-04T22:27:01.695Z","event":"page_view","path":"/workbox-3e722498.js","userHash":"178eab8dc2e9","os":"Other","browser":"Chrome","type":"Desktop"}
{"level":30,"time":"2026-02-04T22:27:03.118Z","event":"page_view","path":"/sw.js","userHash":"178eab8dc2e9","os":"Other","browser":"Chrome","type":"Desktop"}
{"level":30,"time":"2026-02-04T22:27:03.193Z","event":"page_view","path":"/workbox-3e722498.js","userHash":"178eab8dc2e9","os":"Other","browser":"Chrome","type":"Desktop"}
{"level":30,"time":"2026-02-04T22:27:20.727Z","event":"page_view","path":"/sw.js","userHash":"178eab8dc2e9","os":"Other","browser":"Chrome","type":"Desktop"}
{"level":30,"time":"2026-02-04T22:27:20.789Z","event":"page_view","path":"/workbox-3e722498.js","userHash":"178eab8dc2e9","os":"Other","browser":"Chrome","type":"Desktop"}
{"level":30,"time":"2026-02-04T22:27:22.785Z","event":"page_view","path":"/sw.js","userHash":"178eab8dc2e9","os":"Other","browser":"Chrome","type":"Desktop"}
{"level":30,"time":"2026-02-04T22:27:22.860Z","event":"page_view","path":"/workbox-3e722498.js","userHash":"178eab8dc2e9","os":"Other","browser":"Chrome","type":"Desktop"}
{"level":30,"time":"2026-02-04T22:27:26.850Z","event":"page_view","path":"/sw.js","userHash":"178eab8dc2e9","os":"Other","browser":"Chrome","type":"Desktop"}
{"level":30,"time":"2026-02-04T22:27:26.901Z","event":"page_view","path":"/workbox-3e722498.js","userHash":"178eab8dc2e9","os":"Other","browser":"Chrome","type":"Desktop"}
{"level":30,"time":"2026-02-04T22:27:28.762Z","event":"page_view","path":"/sw.js","userHash":"178eab8dc2e9","os":"Other","browser":"Chrome","type":"Desktop"}
{"level":30,"time":"2026-02-04T22:27:28.812Z","event":"page_view","path":"/workbox-3e722498.js","userHash":"178eab8dc2e9","os":"Other","browser":"Chrome","type":"Desktop"}
{"level":30,"time":"2026-02-04T22:27:42.942Z","event":"page_view","path":"/api/auth/get-session","userHash":"178eab8dc2e9","os":"Other","browser":"Chrome","type":"Desktop"}
{"level":30,"time":"2026-02-04T22:27:43.081Z","event":"page_view","path":"/api/posts","userHash":"178eab8dc2e9","os":"Other","browser":"Chrome","type":"Desktop"}
{"level":30,"time":"2026-02-04T22:27:44.231Z","event":"page_view","path":"/api/auth/get-session","userHash":"178eab8dc2e9","os":"Other","browser":"Chrome","type":"Desktop"}
{"level":30,"time":"2026-02-04T22:27:44.327Z","event":"page_view","path":"/api/posts","userHash":"178eab8dc2e9","os":"Other","browser":"Chrome","type":"Desktop"}
{"level":30,"time":"2026-02-04T22:27:45.732Z","event":"page_view","path":"/api/posts/439a84b3-0da2-4c3f-ad85-92223c877ea9","userHash":"178eab8dc2e9","os":"Other","browser":"Chrome","type":"Desktop"}
{"level":30,"time":"2026-02-04T22:27:47.743Z","event":"page_view","path":"/api/auth/get-session","userHash":"178eab8dc2e9","os":"Other","browser":"Chrome","type":"Desktop"}
{"level":30,"time":"2026-02-04T22:27:55.493Z","event":"page_view","path":"/api/auth/get-session","userHash":"178eab8dc2e9","os":"Other","browser":"Chrome","type":"Desktop"}
{"level":30,"time":"2026-02-04T22:28:03.947Z","event":"page_view","path":"/api/auth/get-session","userHash":"178eab8dc2e9","os":"Other","browser":"Chrome","type":"Desktop"}
{"level":30,"time":"2026-02-04T22:28:04.038Z","event":"page_view","path":"/api/posts/439a84b3-0da2-4c3f-ad85-92223c877ea9","userHash":"178eab8dc2e9","os":"Other","browser":"Chrome","type":"Desktop"}
{"level":30,"time":"2026-02-04T22:28:05.609Z","event":"page_view","path":"/api/auth/get-session","userHash":"178eab8dc2e9","os":"Other","browser":"Chrome","type":"Desktop"}
{"level":30,"time":"2026-02-04T22:28:10.892Z","event":"page_view","path":"/sw.js","userHash":"178eab8dc2e9","os":"Other","browser":"Chrome","type":"Desktop"}
{"level":30,"time":"2026-02-04T22:28:10.961Z","event":"page_view","path":"/workbox-3e722498.js","userHash":"178eab8dc2e9","os":"Other","browser":"Chrome","type":"Desktop"}
{"level":30,"time":"2026-02-04T22:28:13.070Z","event":"page_view","path":"/api/auth/get-session","userHash":"178eab8dc2e9","os":"Other","browser":"Chrome","type":"Desktop"}
{"level":30,"time":"2026-02-04T22:28:15.660Z","event":"page_view","path":"/api/auth/get-session","userHash":"178eab8dc2e9","os":"Other","browser":"Chrome","type":"Desktop"}
{"level":30,"time":"2026-02-04T22:33:55.573Z","event":"page_view","path":"/api/auth/get-session","userHash":"178eab8dc2e9","os":"Other","browser":"Chrome","type":"Desktop"}
{"level":30,"time":"2026-02-04T22:33:55.748Z","event":"page_view","path":"/api/posts","userHash":"178eab8dc2e9","os":"Other","browser":"Chrome","type":"Desktop"}
{"level":30,"time":"2026-02-04T22:34:00.835Z","event":"page_view","path":"/api/auth/get-session","userHash":"178eab8dc2e9","os":"Other","browser":"Chrome","type":"Desktop"}
{"level":30,"time":"2026-02-04T22:41:40.957Z","event":"page_view","path":"/sw.js","userHash":"178eab8dc2e9","os":"Other","browser":"Chrome","type":"Desktop"}
{"level":30,"time":"2026-02-04T22:41:41.095Z","event":"page_view","path":"/workbox-3e722498.js","userHash":"178eab8dc2e9","os":"Other","browser":"Chrome","type":"Desktop"}
{"level":30,"time":"2026-02-04T22:41:41.242Z","event":"page_view","path":"/index.html","userHash":"178eab8dc2e9","os":"Other","browser":"Chrome","type":"Desktop"}
{"level":30,"time":"2026-02-04T22:41:41.395Z","event":"page_view","path":"/assets/index-DqcWEqa0.js","userHash":"178eab8dc2e9","os":"Other","browser":"Chrome","type":"Desktop"}
{"level":30,"time":"2026-02-04T22:41:41.600Z","event":"page_view","path":"/assets/index-BjW0dj2q.css","userHash":"178eab8dc2e9","os":"Other","browser":"Chrome","type":"Desktop"}
{"level":30,"time":"2026-02-04T22:43:21.245Z","event":"page_view","path":"/api/auth/get-session","userHash":"178eab8dc2e9","os":"Other","browser":"Chrome","type":"Desktop"}
{"level":30,"time":"2026-02-04T22:43:21.451Z","event":"page_view","path":"/api/posts","userHash":"178eab8dc2e9","os":"Other","browser":"Chrome","type":"Desktop"}
{"level":30,"time":"2026-02-04T22:43:25.605Z","event":"page_view","path":"/api/auth/get-session","userHash":"178eab8dc2e9","os":"Other","browser":"Chrome","type":"Desktop"}
{"level":30,"time":"2026-02-04T22:43:25.825Z","event":"page_view","path":"/api/posts","userHash":"178eab8dc2e9","os":"Other","browser":"Chrome","type":"Desktop"}
{"level":30,"time":"2026-02-04T22:43:27.218Z","event":"page_view","path":"/sw.js","userHash":"178eab8dc2e9","os":"Other","browser":"Chrome","type":"Desktop"}
{"level":30,"time":"2026-02-04T22:43:27.365Z","event":"page_view","path":"/workbox-3e722498.js","userHash":"178eab8dc2e9","os":"Other","browser":"Chrome","type":"Desktop"}
{"level":30,"time":"2026-02-04T22:43:31.391Z","event":"page_view","path":"/sw.js","userHash":"178eab8dc2e9","os":"Other","browser":"Chrome","type":"Desktop"}
{"level":30,"time":"2026-02-04T22:43:31.531Z","event":"page_view","path":"/workbox-3e722498.js","userHash":"178eab8dc2e9","os":"Other","browser":"Chrome","type":"Desktop"}
{"level":30,"time":"2026-02-04T22:43:33.033Z","event":"page_view","path":"/sw.js","userHash":"178eab8dc2e9","os":"Other","browser":"Chrome","type":"Desktop"}
{"level":30,"time":"2026-02-04T22:43:33.163Z","event":"page_view","path":"/workbox-3e722498.js","userHash":"178eab8dc2e9","os":"Other","browser":"Chrome","type":"Desktop"}
{"level":30,"time":"2026-02-04T22:43:57.637Z","event":"page_view","path":"/sw.js","userHash":"178eab8dc2e9","os":"Other","browser":"Chrome","type":"Desktop"}
{"level":30,"time":"2026-02-04T22:43:57.775Z","event":"page_view","path":"/workbox-3e722498.js","userHash":"178eab8dc2e9","os":"Other","browser":"Chrome","type":"Desktop"}
{"level":30,"time":"2026-02-04T22:43:59.262Z","event":"page_view","path":"/sw.js","userHash":"178eab8dc2e9","os":"Other","browser":"Chrome","type":"Desktop"}
{"level":30,"time":"2026-02-04T22:43:59.322Z","event":"page_view","path":"/workbox-3e722498.js","userHash":"178eab8dc2e9","os":"Other","browser":"Chrome","type":"Desktop"}
{"level":30,"time":"2026-02-04T22:44:05.045Z","event":"page_view","path":"/sw.js","userHash":"178eab8dc2e9","os":"Other","browser":"Chrome","type":"Desktop"}
{"level":30,"time":"2026-02-04T22:44:05.170Z","event":"page_view","path":"/workbox-3e722498.js","userHash":"178eab8dc2e9","os":"Other","browser":"Chrome","type":"Desktop"}
{"level":30,"time":"2026-02-04T22:47:05.106Z","event":"page_view","path":"/sw.js","userHash":"178eab8dc2e9","os":"Other","browser":"Chrome","type":"Desktop"}
{"level":30,"time":"2026-02-04T22:47:05.259Z","event":"page_view","path":"/workbox-3e722498.js","userHash":"178eab8dc2e9","os":"Other","browser":"Chrome","type":"Desktop"}
{"level":30,"time":"2026-02-04T22:47:06.961Z","event":"page_view","path":"/sw.js","userHash":"178eab8dc2e9","os":"Other","browser":"Chrome","type":"Desktop"}
{"level":30,"time":"2026-02-04T22:47:07.099Z","event":"page_view","path":"/workbox-3e722498.js","userHash":"178eab8dc2e9","os":"Other","browser":"Chrome","type":"Desktop"}
{"level":30,"time":"2026-02-04T22:47:10.209Z","event":"page_view","path":"/sw.js","userHash":"178eab8dc2e9","os":"Other","browser":"Chrome","type":"Desktop"}
{"level":30,"time":"2026-02-04T22:47:10.358Z","event":"page_view","path":"/workbox-3e722498.js","userHash":"178eab8dc2e9","os":"Other","browser":"Chrome","type":"Desktop"}
{"level":30,"time":"2026-02-04T22:49:00.841Z","event":"page_view","path":"/sw.js","userHash":"178eab8dc2e9","os":"Other","browser":"Chrome","type":"Desktop"}
{"level":30,"time":"2026-02-04T22:49:00.995Z","event":"page_view","path":"/workbox-3e722498.js","userHash":"178eab8dc2e9","os":"Other","browser":"Chrome","type":"Desktop"}
{"level":30,"time":"2026-02-04T22:49:03.593Z","event":"page_view","path":"/sw.js","userHash":"178eab8dc2e9","os":"Other","browser":"Chrome","type":"Desktop"}
{"level":30,"time":"2026-02-04T22:49:03.726Z","event":"page_view","path":"/workbox-3e722498.js","userHash":"178eab8dc2e9","os":"Other","browser":"Chrome","type":"Desktop"}
{"level":30,"time":"2026-02-04T22:49:30.922Z","event":"page_view","path":"/sw.js","userHash":"178eab8dc2e9","os":"Other","browser":"Chrome","type":"Desktop"}
{"level":30,"time":"2026-02-04T22:49:30.983Z","event":"page_view","path":"/workbox-3e722498.js","userHash":"178eab8dc2e9","os":"Other","browser":"Chrome","type":"Desktop"}
{"level":30,"time":"2026-02-04T22:49:34.611Z","event":"page_view","path":"/sw.js","userHash":"178eab8dc2e9","os":"Other","browser":"Chrome","type":"Desktop"}
{"level":30,"time":"2026-02-04T22:49:34.774Z","event":"page_view","path":"/workbox-3e722498.js","userHash":"178eab8dc2e9","os":"Other","browser":"Chrome","type":"Desktop"}
{"level":30,"time":"2026-02-04T22:49:59.652Z","event":"page_view","path":"/sw.js","userHash":"178eab8dc2e9","os":"Other","browser":"Chrome","type":"Desktop"}
{"level":30,"time":"2026-02-04T22:49:59.713Z","event":"page_view","path":"/workbox-3e722498.js","userHash":"178eab8dc2e9","os":"Other","browser":"Chrome","type":"Desktop"}
{"level":30,"time":"2026-02-04T22:50:12.741Z","event":"page_view","path":"/api/auth/get-session","userHash":"178eab8dc2e9","os":"Other","browser":"Chrome","type":"Desktop"}
{"level":30,"time":"2026-02-04T22:50:12.882Z","event":"page_view","path":"/api/posts","userHash":"178eab8dc2e9","os":"Other","browser":"Chrome","type":"Desktop"}
{"level":30,"time":"2026-02-04T22:50:14.433Z","event":"page_view","path":"/sw.js","userHash":"178eab8dc2e9","os":"Other","browser":"Chrome","type":"Desktop"}
{"level":30,"time":"2026-02-04T22:50:14.493Z","event":"page_view","path":"/workbox-3e722498.js","userHash":"178eab8dc2e9","os":"Other","browser":"Chrome","type":"Desktop"}
{"level":30,"time":"2026-02-04T22:50:18.302Z","event":"page_view","path":"/sw.js","userHash":"178eab8dc2e9","os":"Other","browser":"Chrome","type":"Desktop"}
{"level":30,"time":"2026-02-04T22:50:18.359Z","event":"page_view","path":"/workbox-3e722498.js","userHash":"178eab8dc2e9","os":"Other","browser":"Chrome","type":"Desktop"}
{"level":30,"time":"2026-02-04T22:52:03.489Z","event":"page_view","path":"/sw.js","userHash":"178eab8dc2e9","os":"Other","browser":"Chrome","type":"Desktop"}
{"level":30,"time":"2026-02-04T22:52:03.627Z","event":"page_view","path":"/workbox-3e722498.js","userHash":"178eab8dc2e9","os":"Other","browser":"Chrome","type":"Desktop"}
{"level":30,"time":"2026-02-04T22:53:08.106Z","event":"page_view","path":"/sw.js","userHash":"178eab8dc2e9","os":"Other","browser":"Chrome","type":"Desktop"}
{"level":30,"time":"2026-02-04T22:53:08.235Z","event":"page_view","path":"/workbox-3e722498.js","userHash":"178eab8dc2e9","os":"Other","browser":"Chrome","type":"Desktop"}
{"level":30,"time":"2026-02-04T22:53:29.012Z","event":"page_view","path":"/sw.js","userHash":"178eab8dc2e9","os":"Other","browser":"Chrome","type":"Desktop"}
{"level":30,"time":"2026-02-04T22:53:29.153Z","event":"page_view","path":"/workbox-3e722498.js","userHash":"178eab8dc2e9","os":"Other","browser":"Chrome","type":"Desktop"}
{"level":30,"time":"2026-02-04T22:53:41.677Z","event":"page_view","path":"/favicon.ico","userHash":"178eab8dc2e9","os":"Other","browser":"Chrome","type":"Desktop"}
{"level":30,"time":"2026-02-04T22:53:45.378Z","event":"page_view","path":"/sw.js","userHash":"178eab8dc2e9","os":"Other","browser":"Chrome","type":"Desktop"}
{"level":30,"time":"2026-02-04T22:53:45.537Z","event":"page_view","path":"/workbox-3e722498.js","userHash":"178eab8dc2e9","os":"Other","browser":"Chrome","type":"Desktop"}
{"level":30,"time":"2026-02-04T22:59:50.194Z","event":"page_view","path":"/api/auth/get-session","userHash":"178eab8dc2e9","os":"Other","browser":"Chrome","type":"Desktop"}
{"level":30,"time":"2026-02-04T22:59:50.356Z","event":"page_view","path":"/api/posts","userHash":"178eab8dc2e9","os":"Other","browser":"Chrome","type":"Desktop"}
{"level":30,"time":"2026-02-04T22:59:54.920Z","event":"page_view","path":"/api/auth/get-session","userHash":"178eab8dc2e9","os":"Other","browser":"Chrome","type":"Desktop"}
{"level":30,"time":"2026-02-04T22:59:55.130Z","event":"page_view","path":"/api/posts","userHash":"178eab8dc2e9","os":"Other","browser":"Chrome","type":"Desktop"}
{"level":30,"time":"2026-02-04T22:59:56.602Z","event":"page_view","path":"/sw.js","userHash":"178eab8dc2e9","os":"Other","browser":"Chrome","type":"Desktop"}
{"level":30,"time":"2026-02-04T22:59:56.731Z","event":"page_view","path":"/workbox-3e722498.js","userHash":"178eab8dc2e9","os":"Other","browser":"Chrome","type":"Desktop"}
{"level":30,"time":"2026-02-04T23:00:00.832Z","event":"page_view","path":"/sw.js","userHash":"178eab8dc2e9","os":"Other","browser":"Chrome","type":"Desktop"}
{"level":30,"time":"2026-02-04T23:00:00.960Z","event":"page_view","path":"/workbox-3e722498.js","userHash":"178eab8dc2e9","os":"Other","browser":"Chrome","type":"Desktop"}
{"level":30,"time":"2026-02-04T23:03:49.323Z","event":"page_view","path":"/sw.js","userHash":"178eab8dc2e9","os":"Other","browser":"Chrome","type":"Desktop"}
{"level":30,"time":"2026-02-04T23:03:49.460Z","event":"page_view","path":"/workbox-3e722498.js","userHash":"178eab8dc2e9","os":"Other","browser":"Chrome","type":"Desktop"}
{"level":30,"time":"2026-02-04T23:03:53.406Z","event":"page_view","path":"/sw.js","userHash":"178eab8dc2e9","os":"Other","browser":"Chrome","type":"Desktop"}
{"level":30,"time":"2026-02-04T23:03:53.535Z","event":"page_view","path":"/workbox-3e722498.js","userHash":"178eab8dc2e9","os":"Other","browser":"Chrome","type":"Desktop"}
{"level":30,"time":"2026-02-04T23:03:54.644Z","event":"page_view","path":"/sw.js","userHash":"178eab8dc2e9","os":"Other","browser":"Chrome","type":"Desktop"}
{"level":30,"time":"2026-02-04T23:03:54.775Z","event":"page_view","path":"/workbox-3e722498.js","userHash":"178eab8dc2e9","os":"Other","browser":"Chrome","type":"Desktop"}
{"level":30,"time":"2026-02-04T23:03:56.201Z","event":"page_view","path":"/sw.js","userHash":"178eab8dc2e9","os":"Other","browser":"Chrome","type":"Desktop"}
{"level":30,"time":"2026-02-04T23:03:56.251Z","event":"page_view","path":"/workbox-3e722498.js","userHash":"178eab8dc2e9","os":"Other","browser":"Chrome","type":"Desktop"}
{"level":30,"time":"2026-02-04T23:03:57.251Z","event":"page_view","path":"/sw.js","userHash":"178eab8dc2e9","os":"Other","browser":"Chrome","type":"Desktop"}
{"level":30,"time":"2026-02-04T23:03:57.304Z","event":"page_view","path":"/workbox-3e722498.js","userHash":"178eab8dc2e9","os":"Other","browser":"Chrome","type":"Desktop"}
{"level":30,"time":"2026-02-04T23:06:13.483Z","event":"page_view","path":"/sw.js","userHash":"178eab8dc2e9","os":"Other","browser":"Chrome","type":"Desktop"}
{"level":30,"time":"2026-02-04T23:06:13.621Z","event":"page_view","path":"/workbox-3e722498.js","userHash":"178eab8dc2e9","os":"Other","browser":"Chrome","type":"Desktop"}
{"level":30,"time":"2026-02-04T23:06:44.184Z","event":"page_view","path":"/api/auth/get-session","userHash":"178eab8dc2e9","os":"Other","browser":"Chrome","type":"Desktop"}
{"level":30,"time":"2026-02-04T23:06:44.324Z","event":"page_view","path":"/api/posts","userHash":"178eab8dc2e9","os":"Other","browser":"Chrome","type":"Desktop"}
{"level":30,"time":"2026-02-04T23:06:45.831Z","event":"system_stats","cpuLoad":0.57,"ramUsage":{"usedMB":6038,"totalMB":7944,"percent":76.01},"uptime":7488,"network":{"bytesIn":9945374,"bytesOut":9810918}}
{"level":30,"time":"2026-02-04T23:06:48.720Z","event":"page_view","path":"/api/auth/sign-out","userHash":"178eab8dc2e9","os":"Other","browser":"Chrome","type":"Desktop"}
{"level":30,"time":"2026-02-04T23:06:48.825Z","event":"page_view","path":"/api/auth/get-session","userHash":"178eab8dc2e9","os":"Other","browser":"Chrome","type":"Desktop"}
{"level":30,"time":"2026-02-04T23:06:52.454Z","event":"page_view","path":"/api/auth/sign-in/email","userHash":"178eab8dc2e9","os":"Other","browser":"Chrome","type":"Desktop"}
{"level":30,"time":"2026-02-04T23:06:52.614Z","event":"page_view","path":"/api/auth/get-session","userHash":"178eab8dc2e9","os":"Other","browser":"Chrome","type":"Desktop"}
{"level":30,"time":"2026-02-04T23:06:53.232Z","event":"page_view","path":"/api/auth/get-session","userHash":"178eab8dc2e9","os":"Other","browser":"Chrome","type":"Desktop"}
{"level":30,"time":"2026-02-04T23:06:56.185Z","event":"page_view","path":"/api/posts/439a84b3-0da2-4c3f-ad85-92223c877ea9","userHash":"178eab8dc2e9","os":"Other","browser":"Chrome","type":"Desktop"}
{"level":30,"time":"2026-02-04T23:06:57.662Z","event":"page_view","path":"/api/auth/get-session","userHash":"178eab8dc2e9","os":"Other","browser":"Chrome","type":"Desktop"}
{"level":30,"time":"2026-02-04T23:06:57.744Z","event":"page_view","path":"/api/posts/439a84b3-0da2-4c3f-ad85-92223c877ea9","userHash":"178eab8dc2e9","os":"Other","browser":"Chrome","type":"Desktop"}
{"level":30,"time":"2026-02-04T23:06:59.872Z","event":"page_view","path":"/api/auth/get-session","userHash":"178eab8dc2e9","os":"Other","browser":"Chrome","type":"Desktop"}
{"level":30,"time":"2026-02-04T23:07:05.663Z","event":"page_view","path":"/sw.js","userHash":"178eab8dc2e9","os":"Other","browser":"Chrome","type":"Desktop"}
{"level":30,"time":"2026-02-04T23:07:05.729Z","event":"page_view","path":"/workbox-3e722498.js","userHash":"178eab8dc2e9","os":"Other","browser":"Chrome","type":"Desktop"}
{"level":30,"time":"2026-02-04T23:07:07.213Z","event":"page_view","path":"/sw.js","userHash":"178eab8dc2e9","os":"Other","browser":"Chrome","type":"Desktop"}
{"level":30,"time":"2026-02-04T23:07:07.345Z","event":"page_view","path":"/workbox-3e722498.js","userHash":"178eab8dc2e9","os":"Other","browser":"Chrome","type":"Desktop"}
{"level":30,"time":"2026-02-04T23:07:15.572Z","event":"page_view","path":"/sw.js","userHash":"178eab8dc2e9","os":"Other","browser":"Chrome","type":"Desktop"}
{"level":30,"time":"2026-02-04T23:07:15.637Z","event":"page_view","path":"/workbox-3e722498.js","userHash":"178eab8dc2e9","os":"Other","browser":"Chrome","type":"Desktop"}
{"level":30,"time":"2026-02-04T23:07:16.525Z","event":"page_view","path":"/api/auth/get-session","userHash":"178eab8dc2e9","os":"Other","browser":"Chrome","type":"Desktop"}
{"level":30,"time":"2026-02-04T23:07:17.527Z","event":"page_view","path":"/api/auth/get-session","userHash":"178eab8dc2e9","os":"Other","browser":"Chrome","type":"Desktop"}
{"level":30,"time":"2026-02-04T23:07:22.331Z","event":"page_view","path":"/api/auth/get-session","userHash":"178eab8dc2e9","os":"Other","browser":"Chrome","type":"Desktop"}
{"level":30,"time":"2026-02-04T23:07:22.459Z","event":"page_view","path":"/api/posts","userHash":"178eab8dc2e9","os":"Other","browser":"Chrome","type":"Desktop"}
{"level":30,"time":"2026-02-04T23:07:23.994Z","event":"page_view","path":"/sw.js","userHash":"178eab8dc2e9","os":"Other","browser":"Chrome","type":"Desktop"}
{"level":30,"time":"2026-02-04T23:07:24.054Z","event":"page_view","path":"/workbox-3e722498.js","userHash":"178eab8dc2e9","os":"Other","browser":"Chrome","type":"Desktop"}
{"level":30,"time":"2026-02-04T23:07:27.913Z","event":"page_view","path":"/sw.js","userHash":"178eab8dc2e9","os":"Other","browser":"Chrome","type":"Desktop"}
{"level":30,"time":"2026-02-04T23:07:27.965Z","event":"page_view","path":"/workbox-3e722498.js","userHash":"178eab8dc2e9","os":"Other","browser":"Chrome","type":"Desktop"}
{"level":30,"time":"2026-02-04T23:07:29.437Z","event":"page_view","path":"/sw.js","userHash":"178eab8dc2e9","os":"Other","browser":"Chrome","type":"Desktop"}
{"level":30,"time":"2026-02-04T23:07:29.567Z","event":"page_view","path":"/workbox-3e722498.js","userHash":"178eab8dc2e9","os":"Other","browser":"Chrome","type":"Desktop"}
{"level":30,"time":"2026-02-04T23:07:30.439Z","event":"page_view","path":"/sw.js","userHash":"178eab8dc2e9","os":"Other","browser":"Chrome","type":"Desktop"}
{"level":30,"time":"2026-02-04T23:07:30.490Z","event":"page_view","path":"/workbox-3e722498.js","userHash":"178eab8dc2e9","os":"Other","browser":"Chrome","type":"Desktop"}
{"level":30,"time":"2026-02-04T23:07:36.499Z","event":"page_view","path":"/sw.js","userHash":"178eab8dc2e9","os":"Other","browser":"Chrome","type":"Desktop"}
{"level":30,"time":"2026-02-04T23:07:36.545Z","event":"page_view","path":"/workbox-3e722498.js","userHash":"178eab8dc2e9","os":"Other","browser":"Chrome","type":"Desktop"}
{"level":30,"time":"2026-02-04T23:07:37.801Z","event":"page_view","path":"/sw.js","userHash":"178eab8dc2e9","os":"Other","browser":"Chrome","type":"Desktop"}
{"level":30,"time":"2026-02-04T23:07:37.861Z","event":"page_view","path":"/workbox-3e722498.js","userHash":"178eab8dc2e9","os":"Other","browser":"Chrome","type":"Desktop"}
{"level":30,"time":"2026-02-04T23:07:38.303Z","event":"system_stats","cpuLoad":0.25,"ramUsage":{"usedMB":6090,"totalMB":7944,"percent":76.67},"uptime":7540,"network":{"bytesIn":4790842,"bytesOut":7118888}}
{"level":30,"time":"2026-02-04T23:07:58.880Z","event":"page_view","path":"/sw.js","userHash":"178eab8dc2e9","os":"Other","browser":"Chrome","type":"Desktop"}
{"level":30,"time":"2026-02-04T23:07:58.947Z","event":"page_view","path":"/workbox-3e722498.js","userHash":"178eab8dc2e9","os":"Other","browser":"Chrome","type":"Desktop"}
{"level":30,"time":"2026-02-04T23:08:50.082Z","event":"system_stats","cpuLoad":0.39,"ramUsage":{"usedMB":6339,"totalMB":7944,"percent":79.8},"uptime":7612,"network":{"bytesIn":2516720,"bytesOut":11875056}}
{"level":30,"time":"2026-02-04T23:09:50.091Z","event":"system_stats","cpuLoad":1.68,"ramUsage":{"usedMB":7759,"totalMB":7944,"percent":97.68},"uptime":7672,"network":{"bytesIn":19553576,"bytesOut":36723932}}
{"level":30,"time":"2026-02-04T23:10:01.817Z","event":"system_stats","cpuLoad":2.29,"ramUsage":{"usedMB":7773,"totalMB":7944,"percent":97.85},"uptime":7684,"network":{"bytesIn":21401734,"bytesOut":39841182}}
{"level":30,"time":"2026-02-04T23:10:08.026Z","event":"system_stats","cpuLoad":2.11,"ramUsage":{"usedMB":7769,"totalMB":7944,"percent":97.81},"uptime":7690,"network":{"bytesIn":20951080,"bytesOut":39314702}}
{"level":30,"time":"2026-02-04T23:10:15.462Z","event":"system_stats","cpuLoad":2.16,"ramUsage":{"usedMB":7773,"totalMB":7944,"percent":97.85},"uptime":7697,"network":{"bytesIn":26033936,"bytesOut":57656766}}
{"level":30,"time":"2026-02-04T23:10:20.040Z","event":"system_stats","cpuLoad":2.16,"ramUsage":{"usedMB":7739,"totalMB":7944,"percent":97.43},"uptime":7702,"network":{"bytesIn":25338550,"bytesOut":58637262}}
{"level":30,"time":"2026-02-04T23:10:24.864Z","event":"system_stats","cpuLoad":2.38,"ramUsage":{"usedMB":7610,"totalMB":7944,"percent":95.8},"uptime":7707,"network":{"bytesIn":24936022,"bytesOut":55957614}}
{"level":30,"time":"2026-02-04T23:10:50.091Z","event":"system_stats","cpuLoad":1.7,"ramUsage":{"usedMB":7553,"totalMB":7944,"percent":95.09},"uptime":7732,"network":{"bytesIn":8778844,"bytesOut":29237220}}
{"level":30,"time":"2026-02-04T23:11:01.824Z","event":"system_stats","cpuLoad":1.32,"ramUsage":{"usedMB":7512,"totalMB":7944,"percent":94.56},"uptime":7744,"network":{"bytesIn":6363800,"bytesOut":27064094}}
{"level":30,"time":"2026-02-04T23:11:08.028Z","event":"system_stats","cpuLoad":1.21,"ramUsage":{"usedMB":7512,"totalMB":7944,"percent":94.57},"uptime":7750,"network":{"bytesIn":6244702,"bytesOut":27030582}}
{"level":30,"time":"2026-02-04T23:11:15.465Z","event":"system_stats","cpuLoad":1.11,"ramUsage":{"usedMB":7486,"totalMB":7944,"percent":94.24},"uptime":7757,"network":{"bytesIn":451866,"bytesOut":9316760}}
{"level":30,"time":"2026-02-04T23:11:20.038Z","event":"system_stats","cpuLoad":1.11,"ramUsage":{"usedMB":7494,"totalMB":7944,"percent":94.34},"uptime":7762,"network":{"bytesIn":446452,"bytesOut":7694274}}
{"level":30,"time":"2026-02-04T23:11:24.866Z","event":"system_stats","cpuLoad":1.02,"ramUsage":{"usedMB":7486,"totalMB":7944,"percent":94.24},"uptime":7767,"network":{"bytesIn":437520,"bytesOut":7678612}}
{"level":30,"time":"2026-02-04T23:11:50.092Z","event":"system_stats","cpuLoad":0.67,"ramUsage":{"usedMB":7504,"totalMB":7944,"percent":94.46},"uptime":7792,"network":{"bytesIn":447658,"bytesOut":9990062}}
{"level":30,"time":"2026-02-04T23:12:01.826Z","event":"system_stats","cpuLoad":0.52,"ramUsage":{"usedMB":7496,"totalMB":7944,"percent":94.36},"uptime":7804,"network":{"bytesIn":436632,"bytesOut":7685234}}
{"level":30,"time":"2026-02-04T23:12:08.030Z","event":"system_stats","cpuLoad":0.48,"ramUsage":{"usedMB":7490,"totalMB":7944,"percent":94.29},"uptime":7810,"network":{"bytesIn":453432,"bytesOut":7709672}}
{"level":30,"time":"2026-02-04T23:12:15.464Z","event":"system_stats","cpuLoad":0.41,"ramUsage":{"usedMB":7501,"totalMB":7944,"percent":94.43},"uptime":7817,"network":{"bytesIn":440928,"bytesOut":6082954}}
{"level":30,"time":"2026-02-04T23:12:20.039Z","event":"system_stats","cpuLoad":0.41,"ramUsage":{"usedMB":7471,"totalMB":7944,"percent":94.05},"uptime":7822,"network":{"bytesIn":439712,"bytesOut":7687658}}
{"level":30,"time":"2026-02-04T23:12:24.867Z","event":"system_stats","cpuLoad":0.38,"ramUsage":{"usedMB":7475,"totalMB":7944,"percent":94.1},"uptime":7827,"network":{"bytesIn":453562,"bytesOut":7710500}}
{"level":30,"time":"2026-02-04T23:12:50.093Z","event":"system_stats","cpuLoad":0.25,"ramUsage":{"usedMB":7504,"totalMB":7944,"percent":94.46},"uptime":7852,"network":{"bytesIn":390878,"bytesOut":3077624}}
{"level":30,"time":"2026-02-04T23:13:01.827Z","event":"system_stats","cpuLoad":0.19,"ramUsage":{"usedMB":7495,"totalMB":7944,"percent":94.35},"uptime":7864,"network":{"bytesIn":403938,"bytesOut":5363958}}
{"level":30,"time":"2026-02-04T23:13:08.032Z","event":"system_stats","cpuLoad":0.18,"ramUsage":{"usedMB":7467,"totalMB":7944,"percent":94},"uptime":7870,"network":{"bytesIn":391080,"bytesOut":5349506}}
{"level":30,"time":"2026-02-04T23:13:15.465Z","event":"system_stats","cpuLoad":0.15,"ramUsage":{"usedMB":7432,"totalMB":7944,"percent":93.56},"uptime":7877,"network":{"bytesIn":460676,"bytesOut":7779220}}
{"level":30,"time":"2026-02-04T23:13:20.041Z","event":"system_stats","cpuLoad":0.15,"ramUsage":{"usedMB":7491,"totalMB":7944,"percent":94.3},"uptime":7882,"network":{"bytesIn":452276,"bytesOut":5487864}}
{"level":30,"time":"2026-02-04T23:13:24.869Z","event":"system_stats","cpuLoad":0.14,"ramUsage":{"usedMB":7484,"totalMB":7944,"percent":94.21},"uptime":7887,"network":{"bytesIn":438868,"bytesOut":5466022}}
{"level":30,"time":"2026-02-04T23:13:50.095Z","event":"system_stats","cpuLoad":0.24,"ramUsage":{"usedMB":7648,"totalMB":7944,"percent":96.28},"uptime":7912,"network":{"bytesIn":3921198,"bytesOut":11596748}}
{"level":30,"time":"2026-02-04T23:14:01.830Z","event":"system_stats","cpuLoad":0.51,"ramUsage":{"usedMB":7644,"totalMB":7944,"percent":96.23},"uptime":7924,"network":{"bytesIn":4186788,"bytesOut":10056314}}
{"level":30,"time":"2026-02-04T23:14:08.034Z","event":"system_stats","cpuLoad":0.47,"ramUsage":{"usedMB":7717,"totalMB":7944,"percent":97.14},"uptime":7930,"network":{"bytesIn":5066448,"bytesOut":11005726}}
{"level":30,"time":"2026-02-04T23:14:15.468Z","event":"system_stats","cpuLoad":0.4,"ramUsage":{"usedMB":7778,"totalMB":7944,"percent":97.92},"uptime":7937,"network":{"bytesIn":5854066,"bytesOut":9617632}}
{"level":30,"time":"2026-02-04T23:14:20.045Z","event":"system_stats","cpuLoad":0.4,"ramUsage":{"usedMB":7770,"totalMB":7944,"percent":97.81},"uptime":7942,"network":{"bytesIn":5893462,"bytesOut":9679862}}
{"level":30,"time":"2026-02-04T23:14:24.872Z","event":"system_stats","cpuLoad":0.93,"ramUsage":{"usedMB":7782,"totalMB":7944,"percent":97.96},"uptime":7947,"network":{"bytesIn":6773278,"bytesOut":10768438}}
{"level":30,"time":"2026-02-04T23:14:50.096Z","event":"system_stats","cpuLoad":0.87,"ramUsage":{"usedMB":6788,"totalMB":7944,"percent":85.46},"uptime":7972,"network":{"bytesIn":4456204,"bytesOut":6517042}}
{"level":30,"time":"2026-02-04T23:14:58.204Z","event":"system_stats","cpuLoad":0.73,"ramUsage":{"usedMB":6819,"totalMB":7944,"percent":85.84},"uptime":7980,"network":{"bytesIn":5136722,"bytesOut":7060480}}
{"level":30,"time":"2026-02-04T23:15:01.835Z","event":"system_stats","cpuLoad":0.67,"ramUsage":{"usedMB":6838,"totalMB":7944,"percent":86.08},"uptime":7984,"network":{"bytesIn":5136742,"bytesOut":8098934}}
{"level":30,"time":"2026-02-04T23:15:03.268Z","event":"system_stats","cpuLoad":0.67,"ramUsage":{"usedMB":6799,"totalMB":7944,"percent":85.6},"uptime":7985,"network":{"bytesIn":4792026,"bytesOut":7760528}}
{"level":30,"time":"2026-02-04T23:15:08.035Z","event":"system_stats","cpuLoad":0.62,"ramUsage":{"usedMB":6768,"totalMB":7944,"percent":85.2},"uptime":7990,"network":{"bytesIn":4881074,"bytesOut":7671026}}
{"level":30,"time":"2026-02-04T23:15:14.299Z","event":"system_stats","cpuLoad":0.57,"ramUsage":{"usedMB":6812,"totalMB":7944,"percent":85.75},"uptime":7996,"network":{"bytesIn":5189200,"bytesOut":8571590}}
{"level":30,"time":"2026-02-04T23:15:15.472Z","event":"system_stats","cpuLoad":0.61,"ramUsage":{"usedMB":6820,"totalMB":7944,"percent":85.85},"uptime":7998,"network":{"bytesIn":4991400,"bytesOut":8986166}}
{"level":30,"time":"2026-02-04T23:15:20.053Z","event":"system_stats","cpuLoad":0.61,"ramUsage":{"usedMB":6830,"totalMB":7944,"percent":85.98},"uptime":8002,"network":{"bytesIn":5634620,"bytesOut":9637824}}
{"level":30,"time":"2026-02-04T23:15:20.857Z","event":"system_stats","cpuLoad":0.56,"ramUsage":{"usedMB":6875,"totalMB":7944,"percent":86.54},"uptime":8003,"network":{"bytesIn":5071166,"bytesOut":9177814}}
{"level":30,"time":"2026-02-04T23:15:24.873Z","event":"system_stats","cpuLoad":0.56,"ramUsage":{"usedMB":6884,"totalMB":7944,"percent":86.66},"uptime":8007,"network":{"bytesIn":5218336,"bytesOut":9443742}}
{"level":30,"time":"2026-02-04T23:15:43.476Z","event":"system_stats","cpuLoad":0.6,"ramUsage":{"usedMB":6887,"totalMB":7944,"percent":86.7},"uptime":8026,"network":{"bytesIn":4512712,"bytesOut":10877062}}
{"level":30,"time":"2026-02-04T23:15:50.099Z","event":"system_stats","cpuLoad":0.72,"ramUsage":{"usedMB":6821,"totalMB":7944,"percent":85.87},"uptime":8032,"network":{"bytesIn":8601242,"bytesOut":10646610}}
{"level":30,"time":"2026-02-04T23:15:52.656Z","event":"system_stats","cpuLoad":0.66,"ramUsage":{"usedMB":6825,"totalMB":7944,"percent":85.91},"uptime":8035,"network":{"bytesIn":8306438,"bytesOut":10394002}}
{"level":30,"time":"2026-02-04T23:15:58.205Z","event":"system_stats","cpuLoad":0.61,"ramUsage":{"usedMB":6792,"totalMB":7944,"percent":85.5},"uptime":8040,"network":{"bytesIn":7874804,"bytesOut":11965716}}
{"level":30,"time":"2026-02-04T23:16:01.836Z","event":"system_stats","cpuLoad":0.56,"ramUsage":{"usedMB":6828,"totalMB":7944,"percent":85.96},"uptime":8044,"network":{"bytesIn":7731436,"bytesOut":10738544}}
{"level":30,"time":"2026-02-04T23:16:03.269Z","event":"system_stats","cpuLoad":0.56,"ramUsage":{"usedMB":6828,"totalMB":7944,"percent":85.96},"uptime":8045,"network":{"bytesIn":7730258,"bytesOut":10737832}}
{"level":30,"time":"2026-02-04T23:16:07.923Z","event":"system_stats","cpuLoad":0.51,"ramUsage":{"usedMB":6827,"totalMB":7944,"percent":85.94},"uptime":8050,"network":{"bytesIn":7113418,"bytesOut":10455850}}
{"level":30,"time":"2026-02-04T23:16:08.037Z","event":"system_stats","cpuLoad":0.51,"ramUsage":{"usedMB":6827,"totalMB":7944,"percent":85.94},"uptime":8050,"network":{"bytesIn":7106150,"bytesOut":10223972}}
{"level":30,"time":"2026-02-04T23:16:12.499Z","event":"system_stats","cpuLoad":0.47,"ramUsage":{"usedMB":6832,"totalMB":7944,"percent":86},"uptime":8055,"network":{"bytesIn":6403918,"bytesOut":9535954}}
{"level":30,"time":"2026-02-04T23:16:14.299Z","event":"system_stats","cpuLoad":0.47,"ramUsage":{"usedMB":6823,"totalMB":7944,"percent":85.9},"uptime":8056,"network":{"bytesIn":6238256,"bytesOut":8371132}}
{"level":30,"time":"2026-02-04T23:16:15.474Z","event":"system_stats","cpuLoad":0.44,"ramUsage":{"usedMB":6816,"totalMB":7944,"percent":85.8},"uptime":8058,"network":{"bytesIn":6168932,"bytesOut":7879962}}
{"level":30,"time":"2026-02-04T23:16:19.471Z","event":"system_stats","cpuLoad":0.44,"ramUsage":{"usedMB":6817,"totalMB":7944,"percent":85.82},"uptime":8062,"network":{"bytesIn":5573912,"bytesOut":7481328}}
{"level":30,"time":"2026-02-04T23:16:20.045Z","event":"system_stats","cpuLoad":0.44,"ramUsage":{"usedMB":6841,"totalMB":7944,"percent":86.12},"uptime":8062,"network":{"bytesIn":5449830,"bytesOut":7128970}}
{"level":30,"time":"2026-02-04T23:16:20.858Z","event":"system_stats","cpuLoad":0.64,"ramUsage":{"usedMB":6841,"totalMB":7944,"percent":86.12},"uptime":8063,"network":{"bytesIn":5432188,"bytesOut":7065030}}
{"level":30,"time":"2026-02-04T23:16:23.349Z","event":"system_stats","cpuLoad":0.64,"ramUsage":{"usedMB":6840,"totalMB":7944,"percent":86.1},"uptime":8065,"network":{"bytesIn":5133780,"bytesOut":6680690}}
{"level":30,"time":"2026-02-04T23:16:24.875Z","event":"system_stats","cpuLoad":0.64,"ramUsage":{"usedMB":6838,"totalMB":7944,"percent":86.09},"uptime":8067,"network":{"bytesIn":4990762,"bytesOut":6192868}}
{"level":30,"time":"2026-02-04T23:16:43.478Z","event":"system_stats","cpuLoad":0.46,"ramUsage":{"usedMB":6835,"totalMB":7944,"percent":86.05},"uptime":8086,"network":{"bytesIn":4790552,"bytesOut":3428560}}
{"level":30,"time":"2026-02-04T23:16:48.979Z","event":"system_stats","cpuLoad":0.42,"ramUsage":{"usedMB":6845,"totalMB":7944,"percent":86.17},"uptime":8091,"network":{"bytesIn":951274,"bytesOut":3116030}}
{"level":30,"time":"2026-02-04T23:16:50.100Z","event":"system_stats","cpuLoad":0.42,"ramUsage":{"usedMB":6845,"totalMB":7944,"percent":86.17},"uptime":8092,"network":{"bytesIn":421310,"bytesOut":3130308}}
{"level":30,"time":"2026-02-04T23:16:52.657Z","event":"system_stats","cpuLoad":0.39,"ramUsage":{"usedMB":6831,"totalMB":7944,"percent":85.99},"uptime":8095,"network":{"bytesIn":409374,"bytesOut":3088410}}
{"level":30,"time":"2026-02-04T23:16:58.205Z","event":"system_stats","cpuLoad":0.36,"ramUsage":{"usedMB":6830,"totalMB":7944,"percent":85.98},"uptime":8100,"network":{"bytesIn":300476,"bytesOut":684458}}
{"level":30,"time":"2026-02-04T23:17:01.839Z","event":"system_stats","cpuLoad":0.33,"ramUsage":{"usedMB":6827,"totalMB":7944,"percent":85.94},"uptime":8104,"network":{"bytesIn":283702,"bytesOut":668202}}
{"level":30,"time":"2026-02-04T23:17:03.270Z","event":"system_stats","cpuLoad":0.33,"ramUsage":{"usedMB":6827,"totalMB":7944,"percent":85.94},"uptime":8105,"network":{"bytesIn":282014,"bytesOut":660866}}
{"level":30,"time":"2026-02-04T23:17:07.925Z","event":"system_stats","cpuLoad":0.3,"ramUsage":{"usedMB":6831,"totalMB":7944,"percent":85.99},"uptime":8110,"network":{"bytesIn":279912,"bytesOut":652862}}
{"level":30,"time":"2026-02-04T23:17:08.037Z","event":"system_stats","cpuLoad":0.3,"ramUsage":{"usedMB":6831,"totalMB":7944,"percent":85.99},"uptime":8110,"network":{"bytesIn":280030,"bytesOut":652862}}
{"level":30,"time":"2026-02-04T23:17:12.499Z","event":"system_stats","cpuLoad":0.28,"ramUsage":{"usedMB":6847,"totalMB":7944,"percent":86.2},"uptime":8115,"network":{"bytesIn":239672,"bytesOut":619358}}
{"level":30,"time":"2026-02-04T23:17:14.301Z","event":"system_stats","cpuLoad":0.28,"ramUsage":{"usedMB":6847,"totalMB":7944,"percent":86.2},"uptime":8116,"network":{"bytesIn":233350,"bytesOut":618478}}
{"level":30,"time":"2026-02-04T23:17:15.475Z","event":"system_stats","cpuLoad":0.26,"ramUsage":{"usedMB":6835,"totalMB":7944,"percent":86.05},"uptime":8118,"network":{"bytesIn":231250,"bytesOut":616070}}
{"level":30,"time":"2026-02-04T23:17:19.472Z","event":"system_stats","cpuLoad":0.26,"ramUsage":{"usedMB":6836,"totalMB":7944,"percent":86.05},"uptime":8122,"network":{"bytesIn":241924,"bytesOut":606562}}
{"level":30,"time":"2026-02-04T23:17:20.046Z","event":"system_stats","cpuLoad":0.26,"ramUsage":{"usedMB":6839,"totalMB":7944,"percent":86.1},"uptime":8122,"network":{"bytesIn":242302,"bytesOut":607178}}
{"level":30,"time":"2026-02-04T23:17:20.859Z","event":"system_stats","cpuLoad":0.24,"ramUsage":{"usedMB":6839,"totalMB":7944,"percent":86.1},"uptime":8123,"network":{"bytesIn":239876,"bytesOut":605918}}
{"level":30,"time":"2026-02-04T23:17:23.351Z","event":"system_stats","cpuLoad":0.24,"ramUsage":{"usedMB":6851,"totalMB":7944,"percent":86.25},"uptime":8125,"network":{"bytesIn":234050,"bytesOut":604554}}
{"level":30,"time":"2026-02-04T23:17:24.877Z","event":"system_stats","cpuLoad":0.24,"ramUsage":{"usedMB":6850,"totalMB":7944,"percent":86.24},"uptime":8127,"network":{"bytesIn":214004,"bytesOut":609224}}
{"level":30,"time":"2026-02-04T23:17:43.480Z","event":"system_stats","cpuLoad":0.24,"ramUsage":{"usedMB":6835,"totalMB":7944,"percent":86.05},"uptime":8146,"network":{"bytesIn":242406,"bytesOut":627776}}
{"level":30,"time":"2026-02-04T23:17:48.981Z","event":"system_stats","cpuLoad":0.22,"ramUsage":{"usedMB":6837,"totalMB":7944,"percent":86.06},"uptime":8151,"network":{"bytesIn":241572,"bytesOut":622412}}
{"level":30,"time":"2026-02-04T23:17:50.101Z","event":"system_stats","cpuLoad":0.22,"ramUsage":{"usedMB":6837,"totalMB":7944,"percent":86.07},"uptime":8152,"network":{"bytesIn":241014,"bytesOut":621894}}
{"level":30,"time":"2026-02-04T23:17:52.659Z","event":"system_stats","cpuLoad":0.21,"ramUsage":{"usedMB":6858,"totalMB":7944,"percent":86.33},"uptime":8155,"network":{"bytesIn":239268,"bytesOut":614092}}
{"level":30,"time":"2026-02-04T23:17:58.206Z","event":"system_stats","cpuLoad":0.19,"ramUsage":{"usedMB":6850,"totalMB":7944,"percent":86.23},"uptime":8160,"network":{"bytesIn":259380,"bytesOut":619842}}
{"level":30,"time":"2026-02-04T23:18:01.841Z","event":"system_stats","cpuLoad":0.17,"ramUsage":{"usedMB":6838,"totalMB":7944,"percent":86.08},"uptime":8164,"network":{"bytesIn":257756,"bytesOut":617370}}
{"level":30,"time":"2026-02-04T23:18:03.271Z","event":"system_stats","cpuLoad":0.17,"ramUsage":{"usedMB":6842,"totalMB":7944,"percent":86.13},"uptime":8165,"network":{"bytesIn":258778,"bytesOut":618750}}
{"level":30,"time":"2026-02-04T23:18:07.926Z","event":"system_stats","cpuLoad":0.16,"ramUsage":{"usedMB":6841,"totalMB":7944,"percent":86.12},"uptime":8170,"network":{"bytesIn":258742,"bytesOut":618186}}
{"level":30,"time":"2026-02-04T23:18:08.038Z","event":"system_stats","cpuLoad":0.16,"ramUsage":{"usedMB":6841,"totalMB":7944,"percent":86.12},"uptime":8170,"network":{"bytesIn":258742,"bytesOut":618186}}
{"level":30,"time":"2026-02-04T23:18:12.501Z","event":"system_stats","cpuLoad":0.15,"ramUsage":{"usedMB":6856,"totalMB":7944,"percent":86.31},"uptime":8175,"network":{"bytesIn":258704,"bytesOut":617462}}
{"level":30,"time":"2026-02-04T23:18:14.301Z","event":"system_stats","cpuLoad":0.15,"ramUsage":{"usedMB":6850,"totalMB":7944,"percent":86.23},"uptime":8176,"network":{"bytesIn":258586,"bytesOut":617462}}
{"level":30,"time":"2026-02-04T23:18:15.476Z","event":"system_stats","cpuLoad":0.14,"ramUsage":{"usedMB":6847,"totalMB":7944,"percent":86.2},"uptime":8178,"network":{"bytesIn":258350,"bytesOut":617462}}
{"level":30,"time":"2026-02-04T23:18:19.472Z","event":"system_stats","cpuLoad":0.14,"ramUsage":{"usedMB":6847,"totalMB":7944,"percent":86.2},"uptime":8182,"network":{"bytesIn":244074,"bytesOut":612528}}
{"level":30,"time":"2026-02-04T23:18:20.047Z","event":"system_stats","cpuLoad":0.14,"ramUsage":{"usedMB":6838,"totalMB":7944,"percent":86.08},"uptime":8182,"network":{"bytesIn":243838,"bytesOut":612528}}
{"level":30,"time":"2026-02-04T23:18:20.860Z","event":"system_stats","cpuLoad":0.13,"ramUsage":{"usedMB":6838,"totalMB":7944,"percent":86.08},"uptime":8183,"network":{"bytesIn":242382,"bytesOut":610748}}
{"level":30,"time":"2026-02-04T23:18:23.353Z","event":"system_stats","cpuLoad":0.13,"ramUsage":{"usedMB":6835,"totalMB":7944,"percent":86.04},"uptime":8185,"network":{"bytesIn":243404,"bytesOut":612128}}
{"level":30,"time":"2026-02-04T23:18:24.880Z","event":"system_stats","cpuLoad":0.13,"ramUsage":{"usedMB":6835,"totalMB":7944,"percent":86.04},"uptime":8187,"network":{"bytesIn":241454,"bytesOut":590134}}
{"level":30,"time":"2026-02-04T23:18:43.481Z","event":"system_stats","cpuLoad":0.09,"ramUsage":{"usedMB":6837,"totalMB":7944,"percent":86.07},"uptime":8206,"network":{"bytesIn":265626,"bytesOut":5398596}}
{"level":30,"time":"2026-02-04T23:18:48.983Z","event":"system_stats","cpuLoad":0.08,"ramUsage":{"usedMB":6832,"totalMB":7944,"percent":86.01},"uptime":8211,"network":{"bytesIn":264404,"bytesOut":5397216}}
{"level":30,"time":"2026-02-04T23:18:50.102Z","event":"system_stats","cpuLoad":0.08,"ramUsage":{"usedMB":6832,"totalMB":7944,"percent":86.01},"uptime":8212,"network":{"bytesIn":264946,"bytesOut":5398104}}
{"level":30,"time":"2026-02-04T23:18:52.661Z","event":"system_stats","cpuLoad":0.16,"ramUsage":{"usedMB":6852,"totalMB":7944,"percent":86.25},"uptime":8215,"network":{"bytesIn":263924,"bytesOut":5396724}}
{"level":30,"time":"2026-02-04T23:18:58.207Z","event":"system_stats","cpuLoad":0.15,"ramUsage":{"usedMB":6836,"totalMB":7944,"percent":86.05},"uptime":8220,"network":{"bytesIn":245424,"bytesOut":5392618}}
{"level":30,"time":"2026-02-04T23:19:01.843Z","event":"system_stats","cpuLoad":0.13,"ramUsage":{"usedMB":6836,"totalMB":7944,"percent":86.05},"uptime":8224,"network":{"bytesIn":245472,"bytesOut":5392086}}
{"level":30,"time":"2026-02-04T23:19:03.273Z","event":"system_stats","cpuLoad":0.13,"ramUsage":{"usedMB":6831,"totalMB":7944,"percent":86},"uptime":8225,"network":{"bytesIn":244722,"bytesOut":5381908}}
{"level":30,"time":"2026-02-04T23:19:07.926Z","event":"system_stats","cpuLoad":0.12,"ramUsage":{"usedMB":6842,"totalMB":7944,"percent":86.13},"uptime":8230,"network":{"bytesIn":244684,"bytesOut":5391836}}
{"level":30,"time":"2026-02-04T23:19:08.039Z","event":"system_stats","cpuLoad":0.12,"ramUsage":{"usedMB":6842,"totalMB":7944,"percent":86.13},"uptime":8230,"network":{"bytesIn":244590,"bytesOut":5392104}}
{"level":30,"time":"2026-02-04T23:19:12.502Z","event":"system_stats","cpuLoad":0.11,"ramUsage":{"usedMB":6818,"totalMB":7944,"percent":85.83},"uptime":8235,"network":{"bytesIn":333250,"bytesOut":7795624}}
{"level":30,"time":"2026-02-04T23:19:14.302Z","event":"system_stats","cpuLoad":0.11,"ramUsage":{"usedMB":6959,"totalMB":7944,"percent":87.6},"uptime":8236,"network":{"bytesIn":527774,"bytesOut":8058446}}
{"level":30,"time":"2026-02-04T23:19:15.480Z","event":"system_stats","cpuLoad":0.27,"ramUsage":{"usedMB":6960,"totalMB":7944,"percent":87.61},"uptime":8238,"network":{"bytesIn":569526,"bytesOut":8191576}}
{"level":30,"time":"2026-02-04T23:19:19.474Z","event":"system_stats","cpuLoad":0.27,"ramUsage":{"usedMB":6967,"totalMB":7944,"percent":87.71},"uptime":8242,"network":{"bytesIn":719254,"bytesOut":8693958}}
{"level":30,"time":"2026-02-04T23:19:20.048Z","event":"system_stats","cpuLoad":0.27,"ramUsage":{"usedMB":6957,"totalMB":7944,"percent":87.58},"uptime":8242,"network":{"bytesIn":738396,"bytesOut":8864764}}
{"level":30,"time":"2026-02-04T23:19:20.861Z","event":"system_stats","cpuLoad":0.24,"ramUsage":{"usedMB":6957,"totalMB":7944,"percent":87.58},"uptime":8243,"network":{"bytesIn":750494,"bytesOut":8982102}}
{"level":30,"time":"2026-02-04T23:19:23.355Z","event":"system_stats","cpuLoad":0.24,"ramUsage":{"usedMB":6956,"totalMB":7944,"percent":87.56},"uptime":8245,"network":{"bytesIn":793388,"bytesOut":9145360}}
{"level":30,"time":"2026-02-04T23:19:24.881Z","event":"system_stats","cpuLoad":0.24,"ramUsage":{"usedMB":6964,"totalMB":7944,"percent":87.67},"uptime":8247,"network":{"bytesIn":805932,"bytesOut":9269916}}
{"level":30,"time":"2026-02-04T23:19:43.482Z","event":"system_stats","cpuLoad":0.17,"ramUsage":{"usedMB":6857,"totalMB":7944,"percent":86.32},"uptime":8266,"network":{"bytesIn":953614,"bytesOut":4723986}}
{"level":30,"time":"2026-02-04T23:19:48.986Z","event":"system_stats","cpuLoad":0.16,"ramUsage":{"usedMB":6835,"totalMB":7944,"percent":86.04},"uptime":8271,"network":{"bytesIn":1006366,"bytesOut":4924792}}
{"level":30,"time":"2026-02-04T23:19:50.103Z","event":"system_stats","cpuLoad":0.16,"ramUsage":{"usedMB":6835,"totalMB":7944,"percent":86.04},"uptime":8272,"network":{"bytesIn":1016260,"bytesOut":5041484}}
{"level":30,"time":"2026-02-04T23:19:52.663Z","event":"system_stats","cpuLoad":0.15,"ramUsage":{"usedMB":6846,"totalMB":7944,"percent":86.18},"uptime":8275,"network":{"bytesIn":1040532,"bytesOut":5189424}}
{"level":30,"time":"2026-02-04T23:19:58.208Z","event":"system_stats","cpuLoad":0.14,"ramUsage":{"usedMB":6849,"totalMB":7944,"percent":86.22},"uptime":8280,"network":{"bytesIn":1073294,"bytesOut":5345956}}
{"level":30,"time":"2026-02-04T23:20:01.844Z","event":"system_stats","cpuLoad":0.13,"ramUsage":{"usedMB":6851,"totalMB":7944,"percent":86.25},"uptime":8284,"network":{"bytesIn":1154452,"bytesOut":5536034}}
{"level":30,"time":"2026-02-04T23:20:03.273Z","event":"system_stats","cpuLoad":0.13,"ramUsage":{"usedMB":6852,"totalMB":7944,"percent":86.26},"uptime":8285,"network":{"bytesIn":1164348,"bytesOut":5646344}}
{"level":30,"time":"2026-02-04T23:20:07.928Z","event":"system_stats","cpuLoad":0.2,"ramUsage":{"usedMB":6854,"totalMB":7944,"percent":86.28},"uptime":8290,"network":{"bytesIn":1190630,"bytesOut":5805090}}
{"level":30,"time":"2026-02-04T23:20:08.040Z","event":"system_stats","cpuLoad":0.2,"ramUsage":{"usedMB":6854,"totalMB":7944,"percent":86.28},"uptime":8290,"network":{"bytesIn":1190606,"bytesOut":5804822}}
{"level":30,"time":"2026-02-04T23:20:12.504Z","event":"system_stats","cpuLoad":0.26,"ramUsage":{"usedMB":6861,"totalMB":7944,"percent":86.37},"uptime":8295,"network":{"bytesIn":1173256,"bytesOut":3587922}}
{"level":30,"time":"2026-02-04T23:20:14.304Z","event":"system_stats","cpuLoad":0.26,"ramUsage":{"usedMB":6858,"totalMB":7944,"percent":86.34},"uptime":8296,"network":{"bytesIn":996404,"bytesOut":3448294}}
{"level":30,"time":"2026-02-04T23:20:15.481Z","event":"system_stats","cpuLoad":0.24,"ramUsage":{"usedMB":6877,"totalMB":7944,"percent":86.57},"uptime":8298,"network":{"bytesIn":977640,"bytesOut":3480618}}
{"level":30,"time":"2026-02-04T23:20:19.475Z","event":"system_stats","cpuLoad":0.24,"ramUsage":{"usedMB":6962,"totalMB":7944,"percent":87.64},"uptime":8302,"network":{"bytesIn":3319040,"bytesOut":3358110}}
{"level":30,"time":"2026-02-04T23:20:20.049Z","event":"system_stats","cpuLoad":0.24,"ramUsage":{"usedMB":6979,"totalMB":7944,"percent":87.86},"uptime":8302,"network":{"bytesIn":4528560,"bytesOut":3376822}}
{"level":30,"time":"2026-02-04T23:20:20.862Z","event":"system_stats","cpuLoad":0.38,"ramUsage":{"usedMB":6986,"totalMB":7944,"percent":87.95},"uptime":8303,"network":{"bytesIn":4611800,"bytesOut":4019580}}
{"level":30,"time":"2026-02-04T23:20:23.356Z","event":"system_stats","cpuLoad":0.38,"ramUsage":{"usedMB":6970,"totalMB":7944,"percent":87.75},"uptime":8305,"network":{"bytesIn":4716238,"bytesOut":4200924}}
{"level":30,"time":"2026-02-04T23:20:24.883Z","event":"system_stats","cpuLoad":0.38,"ramUsage":{"usedMB":6957,"totalMB":7944,"percent":87.58},"uptime":8307,"network":{"bytesIn":4745706,"bytesOut":4260954}}
